d:\gametechcoursework\build\gametech coursework\x64\release\vc141.pdb
d:\gametechcoursework\build\gametech coursework\x64\release\testscene.obj
d:\gametechcoursework\build\gametech coursework\x64\release\main.obj
d:\finalgametechcoursework\gametechcoursework\build\gametech coursework\x64\release\vc141.pdb
d:\finalgametechcoursework\gametechcoursework\build\gametech coursework\x64\release\testscene.obj
d:\finalgametechcoursework\gametechcoursework\build\gametech coursework\x64\release\main.obj
d:\gametechcoursework\build\x64\release\gametech coursework.ipdb
d:\gametechcoursework\build\x64\release\gametech coursework.iobj
d:\finalgametechcoursework\gametechcoursework\build\x64\release\gametech coursework.ipdb
d:\finalgametechcoursework\gametechcoursework\build\x64\release\gametech coursework.iobj
d:\gametechcoursework\build\x64\release\gametech coursework.exe
d:\gametechcoursework\build\x64\release\gametech coursework.pdb
d:\finalgametechcoursework\gametechcoursework\build\x64\release\gametech coursework.exe
d:\finalgametechcoursework\gametechcoursework\build\x64\release\gametech coursework.pdb
d:\finalgametechcoursework\gametechcoursework\build\gametech coursework\x64\release\gametech.1a5c2647.tlog\cl.command.1.tlog
d:\finalgametechcoursework\gametechcoursework\build\gametech coursework\x64\release\gametech.1a5c2647.tlog\cl.read.1.tlog
d:\finalgametechcoursework\gametechcoursework\build\gametech coursework\x64\release\gametech.1a5c2647.tlog\cl.write.1.tlog
d:\finalgametechcoursework\gametechcoursework\build\gametech coursework\x64\release\gametech.1a5c2647.tlog\gametech coursework.write.1u.tlog
d:\finalgametechcoursework\gametechcoursework\build\gametech coursework\x64\release\gametech.1a5c2647.tlog\link.command.1.tlog
d:\finalgametechcoursework\gametechcoursework\build\gametech coursework\x64\release\gametech.1a5c2647.tlog\link.read.1.tlog
d:\finalgametechcoursework\gametechcoursework\build\gametech coursework\x64\release\gametech.1a5c2647.tlog\link.write.1.tlog
