d:\gametechcoursework\build\examples_cuda\x64\release\vc141.pdb
d:\gametechcoursework\build\examples_cuda\x64\release\main.obj
d:\finalgametechcoursework\gametechcoursework\build\examples_cuda\x64\release\vc141.pdb
d:\finalgametechcoursework\gametechcoursework\build\examples_cuda\x64\release\main.obj
d:\gametechcoursework\build\x64\release\examples_cuda.ipdb
d:\gametechcoursework\build\x64\release\examples_cuda.iobj
d:\finalgametechcoursework\gametechcoursework\build\x64\release\examples_cuda.ipdb
d:\finalgametechcoursework\gametechcoursework\build\x64\release\examples_cuda.iobj
d:\gametechcoursework\build\x64\release\examples_cuda.exe
d:\gametechcoursework\build\x64\release\examples_cuda.pdb
d:\finalgametechcoursework\gametechcoursework\build\x64\release\examples_cuda.exe
d:\finalgametechcoursework\gametechcoursework\build\x64\release\examples_cuda.pdb
d:\finalgametechcoursework\gametechcoursework\build\examples_cuda\x64\release\cudacollidingparticles.cu.cache
d:\finalgametechcoursework\gametechcoursework\build\examples_cuda\x64\release\cudaparticles.cu.cache
d:\finalgametechcoursework\gametechcoursework\build\examples_cuda\x64\release\cudacollidingparticles.cu.obj
d:\finalgametechcoursework\gametechcoursework\build\examples_cuda\x64\release\cudaparticles.cu.obj
d:\finalgametechcoursework\gametechcoursework\build\examples_cuda\x64\release\examples_cuda.tlog\cl.command.1.tlog
d:\finalgametechcoursework\gametechcoursework\build\examples_cuda\x64\release\examples_cuda.tlog\cl.read.1.tlog
d:\finalgametechcoursework\gametechcoursework\build\examples_cuda\x64\release\examples_cuda.tlog\cl.write.1.tlog
d:\finalgametechcoursework\gametechcoursework\build\examples_cuda\x64\release\examples_cuda.tlog\examples_cuda.write.1u.tlog
d:\finalgametechcoursework\gametechcoursework\build\examples_cuda\x64\release\examples_cuda.tlog\link.command.1.tlog
d:\finalgametechcoursework\gametechcoursework\build\examples_cuda\x64\release\examples_cuda.tlog\link.read.1.tlog
d:\finalgametechcoursework\gametechcoursework\build\examples_cuda\x64\release\examples_cuda.tlog\link.write.1.tlog
