d:\gametechcoursework\build\examples_gamelogic\x64\release\vc141.pdb
d:\gametechcoursework\build\examples_gamelogic\x64\release\navmesh.obj
d:\gametechcoursework\build\examples_gamelogic\x64\release\main.obj
d:\finalgametechcoursework\gametechcoursework\build\examples_gamelogic\x64\release\vc141.pdb
d:\finalgametechcoursework\gametechcoursework\build\examples_gamelogic\x64\release\main.obj
d:\finalgametechcoursework\gametechcoursework\build\examples_gamelogic\x64\release\navmesh.obj
d:\gametechcoursework\build\x64\release\examples_gamelogic.ipdb
d:\gametechcoursework\build\x64\release\examples_gamelogic.iobj
d:\finalgametechcoursework\gametechcoursework\build\x64\release\examples_gamelogic.ipdb
d:\finalgametechcoursework\gametechcoursework\build\x64\release\examples_gamelogic.iobj
d:\gametechcoursework\build\x64\release\examples_gamelogic.exe
d:\gametechcoursework\build\x64\release\examples_gamelogic.pdb
d:\finalgametechcoursework\gametechcoursework\build\x64\release\examples_gamelogic.exe
d:\finalgametechcoursework\gametechcoursework\build\x64\release\examples_gamelogic.pdb
d:\finalgametechcoursework\gametechcoursework\build\examples_gamelogic\x64\release\examples.7d9f2196.tlog\cl.command.1.tlog
d:\finalgametechcoursework\gametechcoursework\build\examples_gamelogic\x64\release\examples.7d9f2196.tlog\cl.read.1.tlog
d:\finalgametechcoursework\gametechcoursework\build\examples_gamelogic\x64\release\examples.7d9f2196.tlog\cl.write.1.tlog
d:\finalgametechcoursework\gametechcoursework\build\examples_gamelogic\x64\release\examples.7d9f2196.tlog\examples_gamelogic.write.1u.tlog
d:\finalgametechcoursework\gametechcoursework\build\examples_gamelogic\x64\release\examples.7d9f2196.tlog\link.command.1.tlog
d:\finalgametechcoursework\gametechcoursework\build\examples_gamelogic\x64\release\examples.7d9f2196.tlog\link.read.1.tlog
d:\finalgametechcoursework\gametechcoursework\build\examples_gamelogic\x64\release\examples.7d9f2196.tlog\link.write.1.tlog
