  MazeRenderer.cpp
  MazeGenerator.cpp
d:\gametechcoursework\build\tuts_gamelogic\mazegenerator.cpp(220): warning C4244: 'argument': conversion from '__int64' to 'uint', possible loss of data
d:\gametechcoursework\build\tuts_gamelogic\mazegenerator.cpp(225): warning C4244: 'argument': conversion from '__int64' to 'uint', possible loss of data
  main.cpp
d:\gametechcoursework\build\ncltech\scenemanager.h(53): warning C4267: 'return': conversion from 'size_t' to 'uint', possible loss of data
d:\gametechcoursework\build\tuts_gamelogic\scene_pathfollowing.h(49): warning C4267: 'initializing': conversion from 'size_t' to 'uint', possible loss of data
d:\gametechcoursework\build\tuts_gamelogic\scene_pathfollowing.h(49): warning C4267: 'initializing': conversion from 'size_t' to 'const uint', possible loss of data
d:\gametechcoursework\build\tuts_gamelogic\scene_pathfollowing.h(240): warning C4267: 'initializing': conversion from 'size_t' to 'uint', possible loss of data
d:\gametechcoursework\build\tuts_gamelogic\scene_pathfollowing.h(240): warning C4267: 'initializing': conversion from 'size_t' to 'const uint', possible loss of data
d:\gametechcoursework\build\tuts_gamelogic\scene_pathfollowing.h(339): warning C4267: 'initializing': conversion from 'size_t' to 'uint', possible loss of data
d:\gametechcoursework\build\tuts_gamelogic\scene_pathfollowing.h(339): warning C4267: 'initializing': conversion from 'size_t' to 'const uint', possible loss of data
  HungryDinosaur.cpp
  Generating Code...
  SOIL.lib(SOIL.obj) : MSIL .netmodule or module compiled with /GL found; restarting link with /LTCG; add /LTCG to the link command line to improve linker performance
LINK : warning LNK4075: ignoring '/INCREMENTAL' due to '/LTCG' specification
LINK : warning LNK4098: defaultlib 'MSVCRT' conflicts with use of other libs; use /NODEFAULTLIB:library
LINK : warning LNK4098: defaultlib 'LIBCMT' conflicts with use of other libs; use /NODEFAULTLIB:library
  Generating code
  Finished generating code
glew32.lib(glew.obj) : warning LNK4099: PDB 'vc120.pdb' was not found with 'glew32.lib(glew.obj)' or at 'D:\GameTechCoursework\Build\x64\Debug\vc120.pdb'; linking object as if no debug info
  Tuts_GameLogic.vcxproj -> D:\GameTechCoursework\Build\x64\Debug\Tuts_GameLogic.exe
  Tuts_GameLogic.vcxproj -> D:\GameTechCoursework\Build\x64\Debug\Tuts_GameLogic.pdb (Partial PDB)
