d:\finalgametechcoursework\gametechcoursework\build\ncltech\release\ncltech.pdb
d:\finalgametechcoursework\gametechcoursework\build\ncltech\release\spherecollisionshape.obj
d:\finalgametechcoursework\gametechcoursework\build\ncltech\release\screenpicker.obj
d:\finalgametechcoursework\gametechcoursework\build\ncltech\release\scenemanager.obj
d:\finalgametechcoursework\gametechcoursework\build\ncltech\release\physicsnode.obj
d:\finalgametechcoursework\gametechcoursework\build\ncltech\release\physicsengine.obj
d:\finalgametechcoursework\gametechcoursework\build\ncltech\release\networkbase.obj
d:\finalgametechcoursework\gametechcoursework\build\ncltech\release\manifold.obj
d:\finalgametechcoursework\gametechcoursework\build\ncltech\release\hull.obj
d:\finalgametechcoursework\gametechcoursework\build\ncltech\release\graphicspipeline.obj
d:\finalgametechcoursework\gametechcoursework\build\ncltech\release\geometryutils.obj
d:\finalgametechcoursework\gametechcoursework\build\ncltech\release\cuboidcollisionshape.obj
d:\finalgametechcoursework\gametechcoursework\build\ncltech\release\commonutils.obj
d:\finalgametechcoursework\gametechcoursework\build\ncltech\release\commonmeshes.obj
d:\finalgametechcoursework\gametechcoursework\build\ncltech\release\collisiondetectionsat.obj
d:\finalgametechcoursework\gametechcoursework\build\release\ncltech.lib
d:\finalgametechcoursework\gametechcoursework\build\ncltech\release\ncltech.tlog\cl.command.1.tlog
d:\finalgametechcoursework\gametechcoursework\build\ncltech\release\ncltech.tlog\cl.read.1.tlog
d:\finalgametechcoursework\gametechcoursework\build\ncltech\release\ncltech.tlog\cl.write.1.tlog
d:\finalgametechcoursework\gametechcoursework\build\ncltech\release\ncltech.tlog\lib-link.read.1.tlog
d:\finalgametechcoursework\gametechcoursework\build\ncltech\release\ncltech.tlog\lib-link.write.1.tlog
d:\finalgametechcoursework\gametechcoursework\build\ncltech\release\ncltech.tlog\lib.command.1.tlog
