d:\gametechcoursework\build\tuts_gamelogic\x64\release\vc141.pdb
d:\gametechcoursework\build\tuts_gamelogic\x64\release\mazerenderer.obj
d:\gametechcoursework\build\tuts_gamelogic\x64\release\mazegenerator.obj
d:\gametechcoursework\build\tuts_gamelogic\x64\release\main.obj
d:\gametechcoursework\build\tuts_gamelogic\x64\release\hungrydinosaur.obj
d:\finalgametechcoursework\gametechcoursework\build\tuts_gamelogic\x64\release\vc141.pdb
d:\finalgametechcoursework\gametechcoursework\build\tuts_gamelogic\x64\release\mazerenderer.obj
d:\finalgametechcoursework\gametechcoursework\build\tuts_gamelogic\x64\release\mazegenerator.obj
d:\finalgametechcoursework\gametechcoursework\build\tuts_gamelogic\x64\release\main.obj
d:\finalgametechcoursework\gametechcoursework\build\tuts_gamelogic\x64\release\hungrydinosaur.obj
d:\gametechcoursework\build\x64\release\tuts_gamelogic.exe
d:\gametechcoursework\build\x64\release\tuts_gamelogic.pdb
d:\finalgametechcoursework\gametechcoursework\build\x64\release\tuts_gamelogic.exe
d:\finalgametechcoursework\gametechcoursework\build\x64\release\tuts_gamelogic.pdb
d:\gametechcoursework\build\x64\release\tuts_gamelogic.ipdb
d:\gametechcoursework\build\x64\release\tuts_gamelogic.iobj
d:\finalgametechcoursework\gametechcoursework\build\x64\release\tuts_gamelogic.ipdb
d:\finalgametechcoursework\gametechcoursework\build\x64\release\tuts_gamelogic.iobj
d:\finalgametechcoursework\gametechcoursework\build\tuts_gamelogic\x64\release\tuts_gamelogic.tlog\cl.command.1.tlog
d:\finalgametechcoursework\gametechcoursework\build\tuts_gamelogic\x64\release\tuts_gamelogic.tlog\cl.read.1.tlog
d:\finalgametechcoursework\gametechcoursework\build\tuts_gamelogic\x64\release\tuts_gamelogic.tlog\cl.write.1.tlog
d:\finalgametechcoursework\gametechcoursework\build\tuts_gamelogic\x64\release\tuts_gamelogic.tlog\link.command.1.tlog
d:\finalgametechcoursework\gametechcoursework\build\tuts_gamelogic\x64\release\tuts_gamelogic.tlog\link.read.1.tlog
d:\finalgametechcoursework\gametechcoursework\build\tuts_gamelogic\x64\release\tuts_gamelogic.tlog\link.write.1.tlog
d:\finalgametechcoursework\gametechcoursework\build\tuts_gamelogic\x64\release\tuts_gamelogic.tlog\tuts_gamelogic.write.1u.tlog
