  NCLDebug.cpp
  Window.cpp
  Shader.cpp
  RenderNode.cpp
  Quaternion.cpp
  Plane.cpp
  OGLRenderer.cpp
  OBJMesh.cpp
d:\finalgametechcoursework\gametechcoursework\build\nclgl\objmesh.cpp(207): warning C4267: '=': conversion from 'size_t' to 'GLuint', possible loss of data
d:\finalgametechcoursework\gametechcoursework\build\nclgl\objmesh.cpp(320): warning C4267: 'initializing': conversion from 'size_t' to 'int', possible loss of data
d:\finalgametechcoursework\gametechcoursework\build\nclgl\objmesh.cpp(324): warning C4267: 'initializing': conversion from 'size_t' to 'int', possible loss of data
d:\finalgametechcoursework\gametechcoursework\build\nclgl\objmesh.cpp(338): warning C4267: 'initializing': conversion from 'size_t' to 'int', possible loss of data
d:\finalgametechcoursework\gametechcoursework\build\nclgl\objmesh.cpp(342): warning C4267: 'initializing': conversion from 'size_t' to 'int', possible loss of data
  Mouse.cpp
  Mesh.cpp
  MD5Node.cpp
  MD5Mesh.cpp
  MD5FileData.cpp
d:\finalgametechcoursework\gametechcoursework\build\nclgl\md5filedata.cpp(253): warning C4267: 'initializing': conversion from 'size_t' to 'int', possible loss of data
  MD5Anim.cpp
  Matrix4.cpp
  Matrix3.cpp
  Keyboard.cpp
  HeightMap.cpp
  GameTimer.cpp
  Frustum.cpp
