d:\gametechcoursework\build\nclgl\x64\release\nclgl.pdb
d:\gametechcoursework\build\nclgl\x64\release\shader.obj
d:\gametechcoursework\build\nclgl\x64\release\rendernode.obj
d:\gametechcoursework\build\nclgl\x64\release\quaternion.obj
d:\gametechcoursework\build\nclgl\x64\release\plane.obj
d:\gametechcoursework\build\nclgl\x64\release\oglrenderer.obj
d:\gametechcoursework\build\nclgl\x64\release\objmesh.obj
d:\gametechcoursework\build\nclgl\x64\release\mouse.obj
d:\gametechcoursework\build\nclgl\x64\release\mesh.obj
d:\gametechcoursework\build\nclgl\x64\release\md5node.obj
d:\gametechcoursework\build\nclgl\x64\release\md5mesh.obj
d:\gametechcoursework\build\nclgl\x64\release\md5filedata.obj
d:\gametechcoursework\build\nclgl\x64\release\md5anim.obj
d:\gametechcoursework\build\nclgl\x64\release\matrix4.obj
d:\gametechcoursework\build\nclgl\x64\release\matrix3.obj
d:\gametechcoursework\build\nclgl\x64\release\keyboard.obj
d:\gametechcoursework\build\nclgl\x64\release\heightmap.obj
d:\gametechcoursework\build\nclgl\x64\release\gametimer.obj
d:\gametechcoursework\build\nclgl\x64\release\frustum.obj
d:\gametechcoursework\build\nclgl\x64\release\cuberobot.obj
d:\gametechcoursework\build\nclgl\x64\release\camera.obj
d:\gametechcoursework\build\nclgl\x64\release\ncldebug.obj
d:\gametechcoursework\build\nclgl\x64\release\window.obj
d:\finalgametechcoursework\gametechcoursework\build\nclgl\x64\release\nclgl.pdb
d:\finalgametechcoursework\gametechcoursework\build\nclgl\x64\release\shader.obj
d:\finalgametechcoursework\gametechcoursework\build\nclgl\x64\release\rendernode.obj
d:\finalgametechcoursework\gametechcoursework\build\nclgl\x64\release\quaternion.obj
d:\finalgametechcoursework\gametechcoursework\build\nclgl\x64\release\plane.obj
d:\finalgametechcoursework\gametechcoursework\build\nclgl\x64\release\oglrenderer.obj
d:\finalgametechcoursework\gametechcoursework\build\nclgl\x64\release\objmesh.obj
d:\finalgametechcoursework\gametechcoursework\build\nclgl\x64\release\mouse.obj
d:\finalgametechcoursework\gametechcoursework\build\nclgl\x64\release\mesh.obj
d:\finalgametechcoursework\gametechcoursework\build\nclgl\x64\release\md5node.obj
d:\finalgametechcoursework\gametechcoursework\build\nclgl\x64\release\md5mesh.obj
d:\finalgametechcoursework\gametechcoursework\build\nclgl\x64\release\md5filedata.obj
d:\finalgametechcoursework\gametechcoursework\build\nclgl\x64\release\md5anim.obj
d:\finalgametechcoursework\gametechcoursework\build\nclgl\x64\release\matrix4.obj
d:\finalgametechcoursework\gametechcoursework\build\nclgl\x64\release\matrix3.obj
d:\finalgametechcoursework\gametechcoursework\build\nclgl\x64\release\keyboard.obj
d:\finalgametechcoursework\gametechcoursework\build\nclgl\x64\release\heightmap.obj
d:\finalgametechcoursework\gametechcoursework\build\nclgl\x64\release\gametimer.obj
d:\finalgametechcoursework\gametechcoursework\build\nclgl\x64\release\frustum.obj
d:\finalgametechcoursework\gametechcoursework\build\nclgl\x64\release\cuberobot.obj
d:\finalgametechcoursework\gametechcoursework\build\nclgl\x64\release\camera.obj
d:\finalgametechcoursework\gametechcoursework\build\nclgl\x64\release\ncldebug.obj
d:\finalgametechcoursework\gametechcoursework\build\nclgl\x64\release\window.obj
d:\gametechcoursework\build\x64\release\nclgl.lib
d:\finalgametechcoursework\gametechcoursework\build\x64\release\nclgl.lib
d:\finalgametechcoursework\gametechcoursework\build\nclgl\x64\release\nclgl.tlog\cl.command.1.tlog
d:\finalgametechcoursework\gametechcoursework\build\nclgl\x64\release\nclgl.tlog\cl.read.1.tlog
d:\finalgametechcoursework\gametechcoursework\build\nclgl\x64\release\nclgl.tlog\cl.write.1.tlog
d:\finalgametechcoursework\gametechcoursework\build\nclgl\x64\release\nclgl.tlog\lib-link.read.1.tlog
d:\finalgametechcoursework\gametechcoursework\build\nclgl\x64\release\nclgl.tlog\lib-link.write.1.tlog
d:\finalgametechcoursework\gametechcoursework\build\nclgl\x64\release\nclgl.tlog\lib.command.1.tlog
