d:\gametechcoursework\build\tuts_network_client\release\vc141.pdb
d:\gametechcoursework\build\tuts_network_client\release\main.obj
d:\gametechcoursework\build\tuts_network_client\release\net1_client.obj
d:\finalgametechcoursework\gametechcoursework\build\tuts_network_client\release\vc141.pdb
d:\finalgametechcoursework\gametechcoursework\build\tuts_network_client\release\main.obj
d:\finalgametechcoursework\gametechcoursework\build\tuts_network_client\release\net1_client.obj
d:\finalgametechcoursework\gametechcoursework\build\tuts_network_client\release\maze_client.obj
d:\gametechcoursework\build\release\tuts_network_client.exe
d:\gametechcoursework\build\release\tuts_network_client.pdb
d:\finalgametechcoursework\gametechcoursework\build\release\tuts_network_client.exe
d:\finalgametechcoursework\gametechcoursework\build\release\tuts_network_client.pdb
d:\gametechcoursework\build\release\tuts_network_client.ipdb
d:\gametechcoursework\build\release\tuts_network_client.iobj
d:\finalgametechcoursework\gametechcoursework\build\release\tuts_network_client.ipdb
d:\finalgametechcoursework\gametechcoursework\build\release\tuts_network_client.iobj
d:\finalgametechcoursework\gametechcoursework\build\tuts_network_client\release\tuts_net.386ce988.tlog\cl.command.1.tlog
d:\finalgametechcoursework\gametechcoursework\build\tuts_network_client\release\tuts_net.386ce988.tlog\cl.read.1.tlog
d:\finalgametechcoursework\gametechcoursework\build\tuts_network_client\release\tuts_net.386ce988.tlog\cl.write.1.tlog
d:\finalgametechcoursework\gametechcoursework\build\tuts_network_client\release\tuts_net.386ce988.tlog\link.command.1.tlog
d:\finalgametechcoursework\gametechcoursework\build\tuts_network_client\release\tuts_net.386ce988.tlog\link.read.1.tlog
d:\finalgametechcoursework\gametechcoursework\build\tuts_network_client\release\tuts_net.386ce988.tlog\link.write.1.tlog
d:\finalgametechcoursework\gametechcoursework\build\tuts_network_client\release\tuts_net.386ce988.tlog\tuts_network_client.write.1u.tlog
